0 info it worked if it ends with ok
1 verbose cli [ 'node', '/usr/bin/npm', 'install', 'express', '--save' ]
2 info using npm@2.2.0
3 info using node@v0.10.35
4 verbose node symlink /usr/bin/node
5 warn package.json class3@1.0.0 No repository field.
6 silly cache add args [ 'express', null ]
7 verbose cache add spec express
8 silly cache add parsed spec { raw: 'express',
8 silly cache add   scope: null,
8 silly cache add   name: 'express',
8 silly cache add   rawSpec: '',
8 silly cache add   spec: '*',
8 silly cache add   type: 'range' }
9 verbose addNamed express@*
10 silly addNamed semver.valid null
11 silly addNamed semver.validRange *
12 silly addNameRange { name: 'express', range: '*', hasData: false }
13 silly mapToRegistry name express
14 silly mapToRegistry using default registry
15 silly mapToRegistry registry http://registry.npmjs.org/
16 silly mapToRegistry uri http://registry.npmjs.org/express
17 verbose addNameRange registry:http://registry.npmjs.org/express not in flight; fetching
18 verbose request uri http://registry.npmjs.org/express
19 verbose request no auth needed
20 info attempt registry request try #1 at 15:24:20
21 verbose request id e40122b530783121
22 http request GET http://registry.npmjs.org/express
23 http 200 http://registry.npmjs.org/express
24 silly get cb [ 200,
24 silly get   { server: 'CouchDB/1.5.0 (Erlang OTP/R16B03)',
24 silly get     etag: '"E4ICYQIU9OVBRY69IADM3EBCJ"',
24 silly get     'content-type': 'application/json',
24 silly get     'cache-control': 'max-age=60',
24 silly get     'content-length': '463680',
24 silly get     'accept-ranges': 'bytes',
24 silly get     date: 'Tue, 27 Jan 2015 20:24:20 GMT',
24 silly get     via: '1.1 varnish',
24 silly get     age: '0',
24 silly get     connection: 'keep-alive',
24 silly get     'x-served-by': 'cache-iad2128-IAD',
24 silly get     'x-cache': 'HIT',
24 silly get     'x-cache-hits': '1',
24 silly get     'x-timer': 'S1422390260.284314,VS0,VE67',
24 silly get     vary: 'Accept' } ]
25 silly addNameRange number 2 { name: 'express', range: '*', hasData: true }
26 silly addNameRange versions [ 'express',
26 silly addNameRange   [ '0.14.0',
26 silly addNameRange     '0.14.1',
26 silly addNameRange     '1.0.0',
26 silly addNameRange     '1.0.1',
26 silly addNameRange     '1.0.2',
26 silly addNameRange     '1.0.3',
26 silly addNameRange     '1.0.4',
26 silly addNameRange     '1.0.5',
26 silly addNameRange     '1.0.6',
26 silly addNameRange     '1.0.7',
26 silly addNameRange     '1.0.8',
26 silly addNameRange     '2.0.0',
26 silly addNameRange     '2.1.0',
26 silly addNameRange     '2.1.1',
26 silly addNameRange     '2.2.0',
26 silly addNameRange     '2.2.1',
26 silly addNameRange     '2.2.2',
26 silly addNameRange     '2.3.0',
26 silly addNameRange     '2.3.1',
26 silly addNameRange     '2.3.2',
26 silly addNameRange     '2.3.3',
26 silly addNameRange     '2.3.4',
26 silly addNameRange     '2.3.5',
26 silly addNameRange     '2.3.6',
26 silly addNameRange     '2.3.7',
26 silly addNameRange     '2.3.8',
26 silly addNameRange     '2.3.9',
26 silly addNameRange     '2.3.10',
26 silly addNameRange     '2.3.11',
26 silly addNameRange     '2.3.12',
26 silly addNameRange     '2.4.0',
26 silly addNameRange     '2.4.1',
26 silly addNameRange     '2.4.2',
26 silly addNameRange     '2.4.3',
26 silly addNameRange     '2.4.4',
26 silly addNameRange     '2.4.5',
26 silly addNameRange     '2.4.6',
26 silly addNameRange     '2.4.7',
26 silly addNameRange     '2.5.0',
26 silly addNameRange     '2.5.1',
26 silly addNameRange     '2.5.2',
26 silly addNameRange     '2.5.3',
26 silly addNameRange     '2.5.4',
26 silly addNameRange     '2.5.5',
26 silly addNameRange     '2.5.6',
26 silly addNameRange     '2.5.7',
26 silly addNameRange     '2.5.8',
26 silly addNameRange     '2.5.9',
26 silly addNameRange     '2.5.10',
26 silly addNameRange     '2.5.11',
26 silly addNameRange     '3.0.0',
26 silly addNameRange     '3.0.1',
26 silly addNameRange     '3.0.2',
26 silly addNameRange     '3.0.3',
26 silly addNameRange     '3.0.4',
26 silly addNameRange     '3.0.5',
26 silly addNameRange     '3.0.6',
26 silly addNameRange     '3.1.0',
26 silly addNameRange     '3.1.1',
26 silly addNameRange     '3.1.2',
26 silly addNameRange     '3.2.0',
26 silly addNameRange     '3.2.1',
26 silly addNameRange     '3.2.2',
26 silly addNameRange     '3.2.3',
26 silly addNameRange     '3.2.4',
26 silly addNameRange     '3.2.5',
26 silly addNameRange     '3.2.6',
26 silly addNameRange     '3.3.0',
26 silly addNameRange     '3.3.1',
26 silly addNameRange     '3.3.2',
26 silly addNameRange     '3.3.3',
26 silly addNameRange     '3.3.4',
26 silly addNameRange     '3.3.5',
26 silly addNameRange     '3.3.6',
26 silly addNameRange     '1.0.0-beta',
26 silly addNameRange     '1.0.0-beta2',
26 silly addNameRange     '1.0.0-rc',
26 silly addNameRange     '1.0.0-rc2',
26 silly addNameRange     '1.0.0-rc3',
26 silly addNameRange     '1.0.0-rc4',
26 silly addNameRange     '2.0.0-beta',
26 silly addNameRange     '2.0.0-beta2',
26 silly addNameRange     '2.0.0-beta3',
26 silly addNameRange     '2.0.0-rc',
26 silly addNameRange     '2.0.0-rc2',
26 silly addNameRange     '2.0.0-rc3',
26 silly addNameRange     '3.0.0-alpha1',
26 silly addNameRange     '3.0.0-alpha2',
26 silly addNameRange     '3.0.0-alpha3',
26 silly addNameRange     '3.0.0-alpha4',
26 silly addNameRange     '3.0.0-alpha5',
26 silly addNameRange     '3.0.0-beta1',
26 silly addNameRange     '3.0.0-beta2',
26 silly addNameRange     '3.0.0-beta3',
26 silly addNameRange     '3.0.0-beta4',
26 silly addNameRange     '3.0.0-beta6',
26 silly addNameRange     '3.0.0-beta7',
26 silly addNameRange     '3.0.0-rc1',
26 silly addNameRange     '3.0.0-rc2',
26 silly addNameRange     '3.0.0-rc3',
26 silly addNameRange     '3.0.0-rc4',
26 silly addNameRange     '3.0.0-rc5',
26 silly addNameRange     '3.3.7',
26 silly addNameRange     '3.3.8',
26 silly addNameRange     '3.4.0',
26 silly addNameRange     '3.4.1',
26 silly addNameRange     '3.4.2',
26 silly addNameRange     '3.4.3',
26 silly addNameRange     '3.4.4',
26 silly addNameRange     '3.4.5',
26 silly addNameRange     '3.4.6',
26 silly addNameRange     '3.4.7',
26 silly addNameRange     '3.4.8',
26 silly addNameRange     '4.0.0-rc1',
26 silly addNameRange     '4.0.0-rc2',
26 silly addNameRange     '3.5.0',
26 silly addNameRange     '4.0.0-rc3',
26 silly addNameRange     '4.0.0-rc4',
26 silly addNameRange     '3.5.1',
26 silly addNameRange     '4.0.0',
26 silly addNameRange     '3.5.2',
26 silly addNameRange     '4.1.0',
26 silly addNameRange     '4.1.1',
26 silly addNameRange     '3.5.3',
26 silly addNameRange     '4.1.2',
26 silly addNameRange     '3.6.0',
26 silly addNameRange     '4.2.0',
26 silly addNameRange     '3.7.0',
26 silly addNameRange     '3.8.0',
26 silly addNameRange     '4.3.0',
26 silly addNameRange     '4.3.1',
26 silly addNameRange     '3.8.1',
26 silly addNameRange     '4.3.2',
26 silly addNameRange     '3.9.0',
26 silly addNameRange     '4.4.0',
26 silly addNameRange     '4.4.1',
26 silly addNameRange     '3.10.0',
26 silly addNameRange     '3.10.1',
26 silly addNameRange     '3.10.2',
26 silly addNameRange     '3.10.3',
26 silly addNameRange     '3.10.4',
26 silly addNameRange     '4.4.2',
26 silly addNameRange     '3.10.5',
26 silly addNameRange     '4.4.3',
26 silly addNameRange     '3.11.0',
26 silly addNameRange     '4.4.4',
26 silly addNameRange     '3.12.0',
26 silly addNameRange     '3.12.1',
26 silly addNameRange     '4.4.5',
26 silly addNameRange     '3.13.0',
26 silly addNameRange     '4.5.0',
26 silly addNameRange     '4.5.1',
26 silly addNameRange     '3.14.0',
26 silly addNameRange     '4.6.0',
26 silly addNameRange     '4.6.1',
26 silly addNameRange     '3.15.0',
26 silly addNameRange     '4.7.0',
26 silly addNameRange     '3.15.1',
26 silly addNameRange     '4.7.1',
26 silly addNameRange     '3.15.2',
26 silly addNameRange     '4.7.2',
26 silly addNameRange     '4.7.3',
26 silly addNameRange     '3.15.3',
26 silly addNameRange     '4.7.4',
26 silly addNameRange     '3.16.0',
26 silly addNameRange     '4.8.0',
26 silly addNameRange     '3.16.1',
26 silly addNameRange     '4.8.1',
26 silly addNameRange     '3.16.2',
26 silly addNameRange     '4.8.2',
26 silly addNameRange     '3.16.3',
26 silly addNameRange     '3.16.4',
26 silly addNameRange     '4.8.3',
26 silly addNameRange     '3.16.5',
26 silly addNameRange     '3.16.6',
26 silly addNameRange     '4.8.4',
26 silly addNameRange     '3.16.7',
26 silly addNameRange     '4.8.5',
26 silly addNameRange     '3.16.8',
26 silly addNameRange     '4.8.6',
26 silly addNameRange     '3.16.9',
26 silly addNameRange     '4.8.7',
26 silly addNameRange     '3.16.10',
26 silly addNameRange     '4.8.8',
26 silly addNameRange     '3.17.0',
26 silly addNameRange     '3.17.1',
26 silly addNameRange     '4.9.0',
26 silly addNameRange     '3.17.2',
26 silly addNameRange     '4.9.1',
26 silly addNameRange     '4.9.2',
26 silly addNameRange     '3.17.3',
26 silly addNameRange     '4.9.3',
26 silly addNameRange     '3.17.4',
26 silly addNameRange     '4.9.4',
26 silly addNameRange     '3.17.5',
26 silly addNameRange     '4.9.5',
26 silly addNameRange     '3.17.6',
26 silly addNameRange     '3.17.7',
26 silly addNameRange     '4.9.6',
26 silly addNameRange     '4.9.7',
26 silly addNameRange     '3.17.8',
26 silly addNameRange     '4.9.8',
26 silly addNameRange     '3.18.0',
26 silly addNameRange     '3.18.1',
26 silly addNameRange     '4.10.0',
26 silly addNameRange     '3.18.2',
26 silly addNameRange     '4.10.1',
26 silly addNameRange     '5.0.0-alpha.1',
26 silly addNameRange     '3.18.3',
26 silly addNameRange     '4.10.2',
26 silly addNameRange     '3.18.4',
26 silly addNameRange     '4.10.3',
26 silly addNameRange     '4.10.4',
26 silly addNameRange     '4.10.5',
26 silly addNameRange     '3.18.5',
26 silly addNameRange     '3.18.6',
26 silly addNameRange     '4.10.6',
26 silly addNameRange     '4.10.7',
26 silly addNameRange     '3.19.0',
26 silly addNameRange     '4.10.8',
26 silly addNameRange     '4.11.0',
26 silly addNameRange     '3.19.1',
26 silly addNameRange     '4.11.1' ] ]
27 verbose addNamed express@4.11.1
28 silly addNamed semver.valid 4.11.1
29 silly addNamed semver.validRange 4.11.1
30 silly mapToRegistry name express
31 silly mapToRegistry using default registry
32 silly mapToRegistry registry http://registry.npmjs.org/
33 silly mapToRegistry uri http://registry.npmjs.org/express
34 verbose addRemoteTarball http://registry.npmjs.org/express/-/express-4.11.1.tgz not in flight; adding
35 verbose addRemoteTarball [ 'http://registry.npmjs.org/express/-/express-4.11.1.tgz',
35 verbose addRemoteTarball   '36d04dd27aa1667634e987529767f9c99de7903f' ]
36 info retry fetch attempt 1 at 15:24:20
37 info attempt registry request try #1 at 15:24:20
38 http fetch GET http://registry.npmjs.org/express/-/express-4.11.1.tgz
39 http fetch 200 http://registry.npmjs.org/express/-/express-4.11.1.tgz
40 silly fetchAndShaCheck shasum 36d04dd27aa1667634e987529767f9c99de7903f
41 verbose addTmpTarball /tmp/npm-5739-6bbf9c5a/registry.npmjs.org/express/-/express-4.11.1.tgz not in flight; adding
42 verbose addTmpTarball already have metadata; skipping unpack for express@4.11.1
43 silly cache afterAdd express@4.11.1
44 verbose afterAdd /home/ndhanushkodi/.npm/express/4.11.1/package/package.json not in flight; writing
45 verbose afterAdd /home/ndhanushkodi/.npm/express/4.11.1/package/package.json written
46 silly install resolved [ { name: 'express',
46 silly install resolved     description: 'Fast, unopinionated, minimalist web framework',
46 silly install resolved     version: '4.11.1',
46 silly install resolved     author: { name: 'TJ Holowaychuk', email: 'tj@vision-media.ca' },
46 silly install resolved     contributors:
46 silly install resolved      [ [Object],
46 silly install resolved        [Object],
46 silly install resolved        [Object],
46 silly install resolved        [Object],
46 silly install resolved        [Object],
46 silly install resolved        [Object],
46 silly install resolved        [Object] ],
46 silly install resolved     license: 'MIT',
46 silly install resolved     repository: { type: 'git', url: 'https://github.com/strongloop/express' },
46 silly install resolved     homepage: 'http://expressjs.com/',
46 silly install resolved     keywords:
46 silly install resolved      [ 'express',
46 silly install resolved        'framework',
46 silly install resolved        'sinatra',
46 silly install resolved        'web',
46 silly install resolved        'rest',
46 silly install resolved        'restful',
46 silly install resolved        'router',
46 silly install resolved        'app',
46 silly install resolved        'api' ],
46 silly install resolved     dependencies:
46 silly install resolved      { accepts: '~1.2.2',
46 silly install resolved        'content-disposition': '0.5.0',
46 silly install resolved        'cookie-signature': '1.0.5',
46 silly install resolved        debug: '~2.1.1',
46 silly install resolved        depd: '~1.0.0',
46 silly install resolved        'escape-html': '1.0.1',
46 silly install resolved        etag: '~1.5.1',
46 silly install resolved        finalhandler: '0.3.3',
46 silly install resolved        fresh: '0.2.4',
46 silly install resolved        'media-typer': '0.3.0',
46 silly install resolved        methods: '~1.1.1',
46 silly install resolved        'on-finished': '~2.2.0',
46 silly install resolved        parseurl: '~1.3.0',
46 silly install resolved        'path-to-regexp': '0.1.3',
46 silly install resolved        'proxy-addr': '~1.0.5',
46 silly install resolved        qs: '2.3.3',
46 silly install resolved        'range-parser': '~1.0.2',
46 silly install resolved        send: '0.11.1',
46 silly install resolved        'serve-static': '~1.8.1',
46 silly install resolved        'type-is': '~1.5.5',
46 silly install resolved        vary: '~1.0.0',
46 silly install resolved        cookie: '0.1.2',
46 silly install resolved        'merge-descriptors': '0.0.2',
46 silly install resolved        'utils-merge': '1.0.0' },
46 silly install resolved     devDependencies:
46 silly install resolved      { after: '0.8.1',
46 silly install resolved        ejs: '2.1.4',
46 silly install resolved        istanbul: '0.3.5',
46 silly install resolved        mocha: '~2.1.0',
46 silly install resolved        should: '~4.6.1',
46 silly install resolved        supertest: '~0.15.0',
46 silly install resolved        marked: '0.3.2',
46 silly install resolved        hjs: '~0.0.6',
46 silly install resolved        'body-parser': '~1.10.2',
46 silly install resolved        'connect-redis': '~2.1.0',
46 silly install resolved        'cookie-parser': '~1.3.3',
46 silly install resolved        'express-session': '~1.10.1',
46 silly install resolved        jade: '~1.9.1',
46 silly install resolved        'method-override': '~2.3.1',
46 silly install resolved        morgan: '~1.5.1',
46 silly install resolved        multiparty: '~4.1.1',
46 silly install resolved        vhost: '~3.0.0' },
46 silly install resolved     engines: { node: '>= 0.10.0' },
46 silly install resolved     files: [ 'LICENSE', 'History.md', 'Readme.md', 'index.js', 'lib/' ],
46 silly install resolved     scripts:
46 silly install resolved      { test: 'mocha --require test/support/env --reporter spec --bail --check-leaks test/ test/acceptance/',
46 silly install resolved        'test-cov': 'istanbul cover node_modules/mocha/bin/_mocha -- --require test/support/env --reporter dot --check-leaks test/ test/acceptance/',
46 silly install resolved        'test-tap': 'mocha --require test/support/env --reporter tap --check-leaks test/ test/acceptance/',
46 silly install resolved        'test-travis': 'istanbul cover node_modules/mocha/bin/_mocha --report lcovonly -- --require test/support/env --reporter spec --check-leaks test/ test/acceptance/' },
46 silly install resolved     gitHead: '45ebb6cdf45710f4fba93ae41c9dbd16afae83fe',
46 silly install resolved     bugs: { url: 'https://github.com/strongloop/express/issues' },
46 silly install resolved     _id: 'express@4.11.1',
46 silly install resolved     _shasum: '36d04dd27aa1667634e987529767f9c99de7903f',
46 silly install resolved     _from: 'express@*',
46 silly install resolved     _npmVersion: '1.4.28',
46 silly install resolved     _npmUser: { name: 'dougwilson', email: 'doug@somethingdoug.com' },
46 silly install resolved     maintainers:
46 silly install resolved      [ [Object],
46 silly install resolved        [Object],
46 silly install resolved        [Object],
46 silly install resolved        [Object],
46 silly install resolved        [Object],
46 silly install resolved        [Object],
46 silly install resolved        [Object] ],
46 silly install resolved     dist:
46 silly install resolved      { shasum: '36d04dd27aa1667634e987529767f9c99de7903f',
46 silly install resolved        tarball: 'http://registry.npmjs.org/express/-/express-4.11.1.tgz' },
46 silly install resolved     directories: {},
46 silly install resolved     _resolved: 'http://registry.npmjs.org/express/-/express-4.11.1.tgz' } ]
47 info install express@4.11.1 into /home/ndhanushkodi/SOPHCLASSES/Olinjs/olinjs/classes/class3
48 info installOne express@4.11.1
49 verbose installOne of express to /home/ndhanushkodi/SOPHCLASSES/Olinjs/olinjs/classes/class3 not in flight; installing
50 warn locking Error: EACCES, open '/home/ndhanushkodi/.npm/_locks/express-0ffd70144697004b.lock'
50 warn locking  /home/ndhanushkodi/.npm/_locks/express-0ffd70144697004b.lock failed { [Error: EACCES, open '/home/ndhanushkodi/.npm/_locks/express-0ffd70144697004b.lock']
50 warn locking   errno: 3,
50 warn locking   code: 'EACCES',
50 warn locking   path: '/home/ndhanushkodi/.npm/_locks/express-0ffd70144697004b.lock' }
51 verbose stack Error: Attempt to unlock /home/ndhanushkodi/SOPHCLASSES/Olinjs/olinjs/classes/class3/node_modules/express, which hasn't been locked
51 verbose stack     at unlock (/usr/lib/node_modules/npm/lib/utils/locker.js:66:11)
51 verbose stack     at cb (/usr/lib/node_modules/npm/lib/install.js:929:5)
51 verbose stack     at /usr/lib/node_modules/npm/lib/install.js:933:20
51 verbose stack     at /usr/lib/node_modules/npm/lib/utils/locker.js:40:9
51 verbose stack     at cb (/usr/lib/node_modules/npm/node_modules/lockfile/lockfile.js:149:38)
51 verbose stack     at /usr/lib/node_modules/npm/node_modules/lockfile/lockfile.js:177:38
51 verbose stack     at Object.oncomplete (fs.js:108:15)
52 verbose cwd /home/ndhanushkodi/SOPHCLASSES/Olinjs/olinjs/classes/class3
53 error Linux 3.8.0-44-generic
54 error argv "node" "/usr/bin/npm" "install" "express" "--save"
55 error node v0.10.35
56 error npm  v2.2.0
57 error Attempt to unlock /home/ndhanushkodi/SOPHCLASSES/Olinjs/olinjs/classes/class3/node_modules/express, which hasn't been locked
58 error If you need help, you may report this error at:
58 error     <http://github.com/npm/npm/issues>
59 verbose exit [ 1, true ]
